SF:lib\main.dart
DA:8,0
DA:11,2
DA:13,1
DA:15,1
DA:16,1
DA:17,3
DA:18,3
DA:20,1
DA:24,1
DA:25,1
DA:26,0
DA:28,1
LF:12
LH:10
end_of_record
SF:lib\providers\scan_list_provider.dart
DA:9,0
DA:10,0
DA:11,0
DA:12,0
DA:14,0
DA:15,0
DA:16,0
DA:21,0
DA:22,0
DA:23,0
DA:24,0
DA:27,1
DA:28,3
DA:29,0
DA:30,0
DA:31,0
DA:34,0
DA:35,0
DA:38,0
DA:39,0
DA:40,0
DA:41,0
LF:22
LH:2
end_of_record
SF:lib\providers\navigation_provider.dart
DA:6,2
DA:8,0
DA:9,0
DA:10,0
LF:4
LH:1
end_of_record
SF:lib\screens\home_screen.dart
DA:12,1
DA:14,1
DA:16,1
DA:17,1
DA:21,1
DA:22,1
DA:23,0
DA:24,0
DA:39,1
DA:41,0
DA:43,1
DA:45,2
DA:46,1
DA:49,1
DA:50,1
DA:52,0
DA:53,0
LF:17
LH:12
end_of_record
SF:lib\screens\map_screen.dart
DA:8,1
DA:10,0
DA:11,0
DA:18,0
DA:20,0
DA:22,0
DA:26,0
DA:27,0
DA:29,0
DA:33,0
DA:34,0
DA:36,0
DA:37,0
DA:39,0
DA:40,0
DA:41,0
DA:42,0
DA:43,0
DA:50,0
DA:53,0
DA:55,0
DA:56,0
DA:60,0
DA:61,0
DA:62,0
DA:63,0
DA:64,0
DA:65,0
LF:28
LH:1
end_of_record
SF:lib\models\scan_model.dart
DA:11,0
DA:16,0
DA:17,0
DA:19,0
DA:27,0
DA:28,0
DA:29,0
DA:30,0
DA:31,0
DA:34,0
DA:36,0
DA:38,0
DA:39,0
DA:40,0
DA:41,0
DA:44,0
DA:45,0
DA:46,0
DA:47,0
LF:19
LH:0
end_of_record
SF:lib\providers\db_provider.dart
DA:12,3
DA:14,1
DA:16,1
DA:18,2
DA:22,1
DA:24,2
DA:25,2
DA:28,2
DA:31,0
DA:32,0
DA:33,0
DA:44,0
DA:45,0
DA:46,0
DA:47,0
DA:50,0
DA:51,0
DA:56,0
DA:60,0
DA:61,0
DA:62,0
DA:66,0
DA:67,0
DA:68,0
DA:69,0
DA:70,0
DA:74,0
DA:75,0
DA:76,0
DA:77,0
DA:78,0
DA:79,0
DA:82,1
DA:83,2
DA:84,0
DA:86,0
DA:87,0
DA:88,0
DA:89,0
DA:92,0
DA:93,0
DA:94,0
DA:98,0
DA:99,0
DA:100,0
DA:104,0
DA:105,0
DA:106,0
LF:48
LH:10
end_of_record
SF:lib\screens\directions_screen.dart
DA:5,1
DA:7,0
LF:2
LH:1
end_of_record
SF:lib\widgets\scan_tiles.dart
DA:9,2
DA:12,0
DA:14,1
DA:16,1
DA:17,1
DA:19,1
DA:20,1
DA:21,0
DA:22,0
DA:23,0
DA:26,0
DA:27,0
DA:29,0
DA:34,0
DA:35,0
DA:36,0
DA:37,0
DA:39,0
LF:18
LH:6
end_of_record
SF:lib\screens\maps_history.dart
DA:5,1
DA:7,1
LF:2
LH:2
end_of_record
SF:lib\widgets\custom_navigaton_bar.dart
DA:6,1
DA:8,1
DA:10,1
DA:12,1
DA:13,0
DA:14,0
DA:16,1
LF:7
LH:5
end_of_record
SF:lib\widgets\scan_button.dart
DA:11,1
DA:13,1
DA:14,1
DA:22,1
DA:24,1
DA:25,2
DA:26,4
DA:27,2
DA:28,0
DA:32,1
DA:34,1
DA:37,0
DA:38,0
DA:39,0
DA:40,0
DA:41,0
DA:44,1
DA:46,1
DA:47,1
DA:49,1
DA:51,1
DA:52,1
DA:53,1
DA:60,1
DA:61,5
DA:62,1
DA:67,0
DA:68,0
DA:70,0
DA:74,0
DA:75,0
DA:80,1
DA:81,5
DA:82,1
DA:87,0
DA:88,0
DA:89,0
DA:96,0
DA:103,0
DA:104,0
DA:109,1
DA:111,0
DA:112,0
DA:113,0
DA:115,0
LF:45
LH:24
end_of_record
SF:lib\utils\utils.dart
DA:7,0
DA:8,0
DA:9,0
DA:10,0
DA:11,0
DA:13,0
DA:16,0
LF:7
LH:0
end_of_record
SF:lib\widgets\circular_button.dart
DA:10,1
DA:17,1
DA:19,1
DA:21,1
DA:22,2
DA:23,1
DA:24,1
DA:25,2
LF:8
LH:8
end_of_record
